  CryptoProject1.cpp
c:\users\heart\desktop\nyu documents\nyucshw\appliedcrypto\cryptoproject1\cryptoproject1\multishiftdecryptor.h(118): warning C4244: 'initializing': conversion from 'double' to 'int', possible loss of data
c:\users\heart\desktop\nyu documents\nyucshw\appliedcrypto\cryptoproject1\cryptoproject1\encrypt.h(27): warning C4018: '<': signed/unsigned mismatch
c:\users\heart\desktop\nyu documents\nyucshw\appliedcrypto\cryptoproject1\cryptoproject1\encrypt.h(41): warning C4018: '<': signed/unsigned mismatch
c:\users\heart\desktop\nyu documents\nyucshw\appliedcrypto\cryptoproject1\cryptoproject1\symboldecryptor.h(31): warning C4018: '<': signed/unsigned mismatch
c:\users\heart\desktop\nyu documents\nyucshw\appliedcrypto\cryptoproject1\cryptoproject1\symboldecryptor.h(53): warning C4018: '<': signed/unsigned mismatch
c:\users\heart\desktop\nyu documents\nyucshw\appliedcrypto\cryptoproject1\cryptoproject1\symboldecryptor.h(285): warning C4018: '<': signed/unsigned mismatch
c:\users\heart\desktop\nyu documents\nyucshw\appliedcrypto\cryptoproject1\cryptoproject1\symboldecryptor.h(286): warning C4018: '<': signed/unsigned mismatch
c:\users\heart\desktop\nyu documents\nyucshw\appliedcrypto\cryptoproject1\cryptoproject1\symboldecryptor.h(364): warning C4018: '<': signed/unsigned mismatch
c:\users\heart\desktop\nyu documents\nyucshw\appliedcrypto\cryptoproject1\cryptoproject1\symboldecryptor.h(367): warning C4018: '>=': signed/unsigned mismatch
c:\users\heart\desktop\nyu documents\nyucshw\appliedcrypto\cryptoproject1\cryptoproject1\symboldecryptor.h(387): warning C4018: '<': signed/unsigned mismatch
c:\users\heart\desktop\nyu documents\nyucshw\appliedcrypto\cryptoproject1\cryptoproject1\symboldecryptor.h(388): warning C4018: '<': signed/unsigned mismatch
c:\users\heart\desktop\nyu documents\nyucshw\appliedcrypto\cryptoproject1\cryptoproject1\symboldecryptor.h(395): warning C4018: '<': signed/unsigned mismatch
c:\users\heart\desktop\nyu documents\nyucshw\appliedcrypto\cryptoproject1\cryptoproject1\symboldecryptor.h(400): warning C4018: '<': signed/unsigned mismatch
c:\users\heart\desktop\nyu documents\nyucshw\appliedcrypto\cryptoproject1\cryptoproject1\symboldecryptor.h(405): warning C4018: '<': signed/unsigned mismatch
c:\users\heart\desktop\nyu documents\nyucshw\appliedcrypto\cryptoproject1\cryptoproject1\symboldecryptor.h(428): warning C4018: '<': signed/unsigned mismatch
c:\users\heart\desktop\nyu documents\nyucshw\appliedcrypto\cryptoproject1\cryptoproject1\symboldecryptor.h(429): warning C4018: '<': signed/unsigned mismatch
c:\users\heart\desktop\nyu documents\nyucshw\appliedcrypto\cryptoproject1\cryptoproject1\symboldecryptor.h(441): warning C4018: '<': signed/unsigned mismatch
c:\users\heart\desktop\nyu documents\nyucshw\appliedcrypto\cryptoproject1\cryptoproject1\symboldecryptor.h(446): warning C4018: '<': signed/unsigned mismatch
c:\users\heart\desktop\nyu documents\nyucshw\appliedcrypto\cryptoproject1\cryptoproject1\symboldecryptor.h(465): warning C4018: '<': signed/unsigned mismatch
c:\users\heart\desktop\nyu documents\nyucshw\appliedcrypto\cryptoproject1\cryptoproject1\symboldecryptor.h(472): warning C4018: '<': signed/unsigned mismatch
c:\users\heart\desktop\nyu documents\nyucshw\appliedcrypto\cryptoproject1\cryptoproject1\symboldecryptor.h(473): warning C4018: '<': signed/unsigned mismatch
c:\users\heart\desktop\nyu documents\nyucshw\appliedcrypto\cryptoproject1\cryptoproject1\symboldecryptor.h(578): warning C4018: '<': signed/unsigned mismatch
c:\users\heart\desktop\nyu documents\nyucshw\appliedcrypto\cryptoproject1\cryptoproject1\symboldecryptor.h(595): warning C4018: '<': signed/unsigned mismatch
c:\users\heart\desktop\nyu documents\nyucshw\appliedcrypto\cryptoproject1\cryptoproject1\symboldecryptor.h(635): warning C4018: '<': signed/unsigned mismatch
c:\users\heart\desktop\nyu documents\nyucshw\appliedcrypto\cryptoproject1\cryptoproject1\symboldecryptor.h(737): warning C4018: '<': signed/unsigned mismatch
c:\users\heart\desktop\nyu documents\nyucshw\appliedcrypto\cryptoproject1\cryptoproject1\cryptoproject1.cpp(79): warning C4018: '<': signed/unsigned mismatch
c:\users\heart\desktop\nyu documents\nyucshw\appliedcrypto\cryptoproject1\cryptoproject1\cryptoproject1.cpp(81): warning C4018: '<': signed/unsigned mismatch
  CryptoProject1.vcxproj -> C:\Users\heart\Desktop\NYU Documents\NYUcshw\AppliedCrypto\CryptoProject1\Debug\CryptoProject1.exe
